+--------------------------------------------------------------------------------------------------------------------------------------------------------------------------------------------------------------------------------------------------------------------------------------------------------------------------------------------------------------------------------------------------------------------------------------------------------------------------------------------------------------------------------------------------------------------------------------------------------------------------------------------------------------------------------------------------------------------------------------------------------------------------------------------------------------------------------------------------------------------------------------------------------------------------------------------------------------------------+
|EXPLAIN                                                                                                                                                                                                                                                                                                                                                                                                                                                                                                                                                                                                                                                                                                                                                                                                                                                                                                                                                                   |
+--------------------------------------------------------------------------------------------------------------------------------------------------------------------------------------------------------------------------------------------------------------------------------------------------------------------------------------------------------------------------------------------------------------------------------------------------------------------------------------------------------------------------------------------------------------------------------------------------------------------------------------------------------------------------------------------------------------------------------------------------------------------------------------------------------------------------------------------------------------------------------------------------------------------------------------------------------------------------+
|-> Group aggregate: avg(r.overall_impression_rating), avg(r.interpretation_rating)  (cost=1.38 rows=0.92) (actual time=0.0897..0.0898 rows=1 loops=1)                                                                                                                                                                                                                                                                                                                                                                                                                                                                                                                                                                                                                                                                                                                                                                                                                     |
|-> Nested loop inner join  (cost=1.29 rows=0.92) (actual time=0.079..0.0834 rows=1 loops=1)                                                                                                                                                                                                                                                                                                                                                                                                                                                                                                                                                                                                                                                                                                                                                                                                                                                                               |
|-> Nested loop inner join  (cost=1 rows=0.92) (actual time=0.0684..0.0726 rows=1 loops=1)                                                                                                                                                                                                                                                                                                                                                                                                                                                                                                                                                                                                                                                                                                                                                                                                                                                                                 |
|-> Filter: (p.is_solo = 1)  (cost=0.333 rows=0.8) (actual time=0.0347..0.0368 rows=3 loops=1)                                                                                                                                                                                                                                                                                                                                                                                                                                                                                                                                                                                                                                                                                                                                                                                                                                                                             |
|-> Covering index lookup on p using idx_performances_performers (performer_id=(@artist_id))  (cost=0.333 rows=8) (actual time=0.0302..0.0334 rows=8 loops=1)                                                                                                                                                                                                                                                                                                                                                                                                                                                                                                                                                                                                                                                                                                                                                                                                              |
|-> Index lookup on r using idx_reviews_performance (performance_id=p.performance_id)  (cost=0.862 rows=1.15) (actual time=0.0109..0.0112 rows=0.333 loops=3)                                                                                                                                                                                                                                                                                                                                                                                                                                                                                                                                                                                                                                                                                                                                                                                                              |
|-> Single-row index lookup on a using PRIMARY (artist_id=(@artist_id))  (cost=0.326 rows=1) (actual time=0.00909..0.00916 rows=1 loops=1)                                                                                                                                                                                                                                                                                                                                                                                                                                                                                                                                                                                                                                                                                                                                                                                                                                 |
+--------------------------------------------------------------------------------------------------------------------------------------------------------------------------------------------------------------------------------------------------------------------------------------------------------------------------------------------------------------------------------------------------------------------------------------------------------------------------------------------------------------------------------------------------------------------------------------------------------------------------------------------------------------------------------------------------------------------------------------------------------------------------------------------------------------------------------------------------------------------------------------------------------------------------------------------------------------------------+
