+------------------------------------------------------------------------------------------------------------------------------------------------------------------------------------------------------------------------------------------------------------------------------------------------------------------------------------------------------------------------------------------------------------------------------------------------------------------------------------------------------------------------------------------------------------------------------------------------------------------------------------------------------------------------------------------------------------+
|EXPLAIN                                                                                                                                                                                                                                                                                                                                                                                                                                                                                                                                                                                                                                                                                                     |
+------------------------------------------------------------------------------------------------------------------------------------------------------------------------------------------------------------------------------------------------------------------------------------------------------------------------------------------------------------------------------------------------------------------------------------------------------------------------------------------------------------------------------------------------------------------------------------------------------------------------------------------------------------------------------------------------------------+
|-> Group aggregate: avg(r.overall_impression_rating), avg(r.interpretation_rating)  (cost=1.09 rows=0.92) (actual time=0.0437..0.0438 rows=1 loops=1)                                                                                                                                                                                                                                                                                                                                                                                                                                                                                                                                                       |
|-> Nested loop inner join  (cost=1 rows=0.92) (actual time=0.0222..0.0267 rows=1 loops=1)                                                                                                                                                                                                                                                                                                                                                                                                                                                                                                                                                                                                                   |
|-> Filter: (p.is_solo = 1)  (cost=0.333 rows=0.8) (actual time=0.0101..0.0118 rows=3 loops=1)                                                                                                                                                                                                                                                                                                                                                                                                                                                                                                                                                                                                               |
|-> Covering index lookup on p using idx_performances_performers (performer_id=(@artist_id))  (cost=0.333 rows=8) (actual time=0.00695..0.00954 rows=8 loops=1)                                                                                                                                                                                                                                                                                                                                                                                                                                                                                                                                              |
|-> Index lookup on r using idx_reviews_performance (performance_id=p.performance_id)  (cost=0.862 rows=1.15) (actual time=0.00386..0.00425 rows=0.333 loops=3)                                                                                                                                                                                                                                                                                                                                                                                                                                                                                                                                              |
+------------------------------------------------------------------------------------------------------------------------------------------------------------------------------------------------------------------------------------------------------------------------------------------------------------------------------------------------------------------------------------------------------------------------------------------------------------------------------------------------------------------------------------------------------------------------------------------------------------------------------------------------------------------------------------------------------------+
