+--------------------------------------------------------------------------------------------------------------------------------------------------------------------------------------------------------------------------------------------------------------------------------------------------------------------------------------------------------------------------------------------------------------------------------------------------------------------------------------------------------------------------------------------------------------------------------------------------------------------------------------------------------+
|EXPLAIN                                                                                                                                                                                                                                                                                                                                                                                                                                                                                                                                                                                                                                                 |
+--------------------------------------------------------------------------------------------------------------------------------------------------------------------------------------------------------------------------------------------------------------------------------------------------------------------------------------------------------------------------------------------------------------------------------------------------------------------------------------------------------------------------------------------------------------------------------------------------------------------------------------------------------+
|-> Group aggregate: avg(((((r.interpretation_rating + r.sound_lighting_rating) + r.stage_presence_rating) + r.organization_rating) + r.overall_impression_rating))  (cost=3.2 rows=2) (actual time=0.0908..0.111 rows=4 loops=1)                                                                                                                                                                                                                                                                                                                                                                                                                        |
|-> Nested loop inner join  (cost=2.8 rows=4) (actual time=0.0726..0.0965 rows=4 loops=1)                                                                                                                                                                                                                                                                                                                                                                                                                                                                                                                                                                |
|-> Index lookup on r using idx_reviews_visitors_performances (visitor_id=(@visitor_id))  (cost=1.4 rows=4) (actual time=0.0609..0.0637 rows=4 loops=1)                                                                                                                                                                                                                                                                                                                                                                                                                                                                                                  |
|-> Single-row index lookup on p using PRIMARY (performance_id=r.performance_id)  (cost=0.275 rows=1) (actual time=0.00735..0.00738 rows=1 loops=4)                                                                                                                                                                                                                                                                                                                                                                                                                                                                                                      |
+--------------------------------------------------------------------------------------------------------------------------------------------------------------------------------------------------------------------------------------------------------------------------------------------------------------------------------------------------------------------------------------------------------------------------------------------------------------------------------------------------------------------------------------------------------------------------------------------------------------------------------------------------------+
